<?xml version="1.0" encoding="UTF-8"?>
<testng-results ignored="0" total="1" passed="1" failed="0" skipped="0">
  <reporter-output>
  </reporter-output>
  <suite started-at="2022-01-13T01:44:37 IST" name="Default suite" finished-at="2022-01-13T01:44:40 IST" duration-ms="2925">
    <groups>
    </groups>
    <test started-at="2022-01-13T01:44:37 IST" name="Default test" finished-at="2022-01-13T01:44:40 IST" duration-ms="2925">
      <class name="SpaceXAPI.TestApi.GetLatestLaunchesTest">
        <test-method signature="GetLatestLaunches()[pri:0, instance:SpaceXAPI.TestApi.GetLatestLaunchesTest@120f102b]" started-at="2022-01-13T01:44:37 IST" name="GetLatestLaunches" finished-at="2022-01-13T01:44:40 IST" duration-ms="2895" status="PASS">
          <reporter-output>
          </reporter-output>
        </test-method> <!-- GetLatestLaunches -->
      </class> <!-- SpaceXAPI.TestApi.GetLatestLaunchesTest -->
    </test> <!-- Default test -->
  </suite> <!-- Default suite -->
</testng-results>
